<?xml version="1.0" encoding="UTF-8"?>
<testng-results skipped="0" failed="0" ignored="0" total="1" passed="1">
  <reporter-output>
  </reporter-output>
  <suite name="Default suite" duration-ms="19301" started-at="2023-02-08T11:35:51 CST" finished-at="2023-02-08T11:36:10 CST">
    <groups>
    </groups>
    <test name="Default test" duration-ms="19301" started-at="2023-02-08T11:35:51 CST" finished-at="2023-02-08T11:36:10 CST">
      <class name="test.duplicateTest">
        <test-method status="PASS" signature="init()[pri:0, instance:test.duplicateTest@33f88ab]" name="init" is-config="true" duration-ms="2048" started-at="2023-02-08T11:35:51 CST" finished-at="2023-02-08T11:35:53 CST">
          <reporter-output>
          </reporter-output>
        </test-method> <!-- init -->
        <test-method status="PASS" signature="duplicateTests()[pri:0, instance:test.duplicateTest@33f88ab]" name="duplicateTests" duration-ms="475" started-at="2023-02-08T11:35:53 CST" finished-at="2023-02-08T11:35:53 CST">
          <reporter-output>
          </reporter-output>
        </test-method> <!-- duplicateTests -->
        <test-method status="PASS" signature="tearDown()[pri:0, instance:test.duplicateTest@33f88ab]" name="tearDown" is-config="true" duration-ms="16755" started-at="2023-02-08T11:35:53 CST" finished-at="2023-02-08T11:36:10 CST">
          <reporter-output>
          </reporter-output>
        </test-method> <!-- tearDown -->
      </class> <!-- test.duplicateTest -->
    </test> <!-- Default test -->
  </suite> <!-- Default suite -->
</testng-results>
