<?xml version="1.0" encoding="UTF-8"?>
<testng-results skipped="0" failed="0" ignored="0" total="1" passed="1">
  <reporter-output>
  </reporter-output>
  <suite name="Default suite" duration-ms="19000" started-at="2023-02-13T16:26:03 CST" finished-at="2023-02-13T16:26:22 CST">
    <groups>
    </groups>
    <test name="Default test" duration-ms="19000" started-at="2023-02-13T16:26:03 CST" finished-at="2023-02-13T16:26:22 CST">
      <class name="test.monthsTest">
        <test-method status="PASS" signature="init()[pri:0, instance:test.monthsTest@33f88ab]" name="init" is-config="true" duration-ms="1950" started-at="2023-02-13T16:26:03 CST" finished-at="2023-02-13T16:26:05 CST">
          <reporter-output>
          </reporter-output>
        </test-method> <!-- init -->
        <test-method status="PASS" signature="validateDropTest()[pri:0, instance:test.monthsTest@33f88ab]" name="validateDropTest" duration-ms="246" started-at="2023-02-13T16:26:05 CST" finished-at="2023-02-13T16:26:06 CST">
          <reporter-output>
          </reporter-output>
        </test-method> <!-- validateDropTest -->
        <test-method status="PASS" signature="tearDown()[pri:0, instance:test.monthsTest@33f88ab]" name="tearDown" is-config="true" duration-ms="16781" started-at="2023-02-13T16:26:06 CST" finished-at="2023-02-13T16:26:22 CST">
          <reporter-output>
          </reporter-output>
        </test-method> <!-- tearDown -->
      </class> <!-- test.monthsTest -->
    </test> <!-- Default test -->
  </suite> <!-- Default suite -->
</testng-results>
